<?xml version="1.0" encoding="UTF-8"?>
<!-- Generated by org.testng.reporters.JUnitReportReporter -->
<testsuite hostname="Mubareks-MBP.T-mobile.com" failures="0" tests="1" name="com.kayak.tests.LandingTests" time="23.496" errors="0" timestamp="04 Apr 2020 07:36:44 GMT" skipped="0">
  <testcase classname="com.kayak.tests.LandingTests" name="bookedFlight" time="23.496"/>
</testsuite> <!-- com.kayak.tests.LandingTests -->
